added id.2689 full_name.1
 age.1 class.1 av_mark.209417399852597248.000000 address.1
 telephone.1
added id.2693 full_name.4
 age.4 class.4 av_mark.4609030840202278335414272.000000 address.4
 telephone.4
added id.2787 full_name.2
 age.2 class.2 av_mark.209417417032466432.000000 address.2
 telephone.2

added id.2862 full_name.2
 age.2 class.2 av_mark.209417417032466432.000000 address.2
 telephone.2

added id.3042 full_name.1
 age.1 class.1 av_mark.209417399852597248.000000 address.1
 telephone.1

removed id.3042 full_name.1
 age.1 class.1 av_mark.209417399852597248.000000 address.1
 telephone.1

added id.6112 full_name.1
 age.1 class.1 av_mark.209417399852597248.000000 address.3
 telephone.3

added id.6168 full_name.1
 age.1 class.1 av_mark.209417399852597248.000000 address.1
 telephone.1

added id.6170 full_name.1
 age.1 class.1 av_mark.4609029687280773728567296.000000 address.
 telephone.1

added id.6411 full_name.1
 age.1 class.1 av_mark.376918178346450087313408.000000 address.1
 telephone.1

added id.7120 full_name.1
 age.1 class.1 av_mark.69805798519209984.000000 address.1
 telephone.1

added id.7473 full_name.1
 age.1 class.1 av_mark.4.000000 address.1
 telephone.1

added id.7485 full_name.4
 age.4 class.4 av_mark.3.800000 address.2
 telephone.2

added id.7564 full_name.3
 age.3 class.3 av_mark.3.719575.3 address.2
 telephone.2

added id.7676 full_name.2
 age.2 class.2 av_mark.3.109 address.2
 telephone.2

added id.8940 full_name.1
 age.1 class.1 av_mark.1.000 address.1
 telephone.1

added id.8945 full_name.2
 age.2 class.2 av_mark.2.000 address.2
 telephone.2

added id.8949 full_name.1
 age.1 class.1 av_mark.1.000 address.11
 telephone.1

added id.8954 full_name.4
 age.4 class.4 av_mark.4.000 address.4
 telephone.4

